
=== Thu Jun  6 16:49:47 2019

Packages were changed.
Update Mode: updateDependencies

The following packages were added:
  com.unity.collab-proxy@1.2.16
  com.unity.timeline@1.0.0
  com.unity.multiplayer-hlapi@1.0.2
  com.unity.xr.legacyinputhelpers@2.0.2
The following packages were updated:
  com.unity.analytics from version 2.0.16 to 3.3.2
  com.unity.package-manager-ui from version 1.9.11 to 2.1.2
  com.unity.purchasing from version 2.0.3 to 2.0.6
  com.unity.textmeshpro from version 1.2.4 to 2.0.0

=== Tue Jun 11 21:48:32 2024

Packages were changed.
Update Mode: updateDependencies

The following packages were added:
  com.unity.2d.sprite@1.0.0
  com.unity.2d.tilemap@1.0.0
  com.unity.ide.rider@3.0.28
  com.unity.ide.visualstudio@2.0.22
  com.unity.ide.vscode@1.2.5
  com.unity.modules.androidjni@1.0.0
  com.unity.test-framework@1.1.33
  com.unity.ugui@1.0.0
The following packages were updated:
  com.unity.ads from version 2.0.8 to 4.4.2
  com.unity.analytics from version 3.3.2 to 3.6.12
  com.unity.collab-proxy from version 1.2.16 to 2.3.1
  com.unity.purchasing from version 2.0.6 to 4.9.3
  com.unity.textmeshpro from version 2.0.0 to 3.0.6
  com.unity.timeline from version 1.0.0 to 1.6.5
  com.unity.xr.legacyinputhelpers from version 2.0.2 to 2.1.10
The following packages were removed:
  com.unity.multiplayer-hlapi@1.0.2
  com.unity.package-manager-ui@2.1.2

=== Mon Feb 24 01:11:53 2025

Packages were changed.
Update Mode: updateDependencies

The following packages were added:
  com.unity.ai.navigation@2.0.6
  com.unity.modules.accessibility@1.0.0
  com.unity.multiplayer.center@1.0.0
The following packages were updated:
  com.unity.analytics from version 3.6.12 to 3.8.1
  com.unity.collab-proxy from version 2.3.1 to 2.6.0
  com.unity.ide.rider from version 3.0.28 to 3.0.34
  com.unity.inputsystem from version 1.7.0 to 1.13.0
  com.unity.purchasing from version 4.9.3 to 4.12.2
  com.unity.test-framework from version 1.1.33 to 1.4.6
  com.unity.timeline from version 1.6.5 to 1.8.7
  com.unity.ugui from version 1.0.0 to 2.0.0
  com.unity.xr.legacyinputhelpers from version 2.1.10 to 2.1.12
The following packages were removed:
  com.unity.textmeshpro@3.0.6
